Using pre-set license
Built from '2020.3/release' branch; Version is '2020.3.2f1 (8fd9074bf66c) revision 9427207'; Using compiler version '192528614'; Build Type 'Release'
OS: 'Windows 10 Home Single Language; OS build 19042.1110; Version 2009; 64bit' Language: 'tr' Physical Memory: 16273 MB
BatchMode: 1, IsHumanControllingUs: 0, StartBugReporterOnCrash: 0, Is64bit: 1, IsPro: 0

 COMMAND LINE ARGUMENTS:
C:\Program Files\Unity\Hub\Editor\2020.3.2f1\Editor\Unity.exe
-adb2
-batchMode
-noUpm
-name
AssetImportWorker0
-projectPath
D:/UnityProjects/knife
-logFile
Logs/AssetImportWorker0.log
-srvPort
1078
Successfully changed project path to: D:/UnityProjects/knife
D:/UnityProjects/knife
Using Asset Import Pipeline V2.
Refreshing native plugins compatible for Editor in 34.55 ms, found 0 plugins.
Preloading 0 native plugins for Editor in 0.00 ms.
Initialize engine version: 2020.3.2f1 (8fd9074bf66c)
[Subsystems] Discovering subsystems at path C:/Program Files/Unity/Hub/Editor/2020.3.2f1/Editor/Data/Resources/UnitySubsystems
[Subsystems] Discovering subsystems at path D:/UnityProjects/knife/Assets
GfxDevice: creating device client; threaded=0
Direct3D:
    Version:  Direct3D 11.0 [level 11.1]
    Renderer: NVIDIA GeForce GTX 1050 Ti (ID=0x1c8c)
    Vendor:   
    VRAM:     4019 MB
    Driver:   27.21.14.6647
Initialize mono
Mono path[0] = 'C:/Program Files/Unity/Hub/Editor/2020.3.2f1/Editor/Data/Managed'
Mono path[1] = 'C:/Program Files/Unity/Hub/Editor/2020.3.2f1/Editor/Data/MonoBleedingEdge/lib/mono/unityjit'
Mono config path = 'C:/Program Files/Unity/Hub/Editor/2020.3.2f1/Editor/Data/MonoBleedingEdge/etc'
Using monoOptions --debugger-agent=transport=dt_socket,embedding=1,server=y,suspend=n,address=127.0.0.1:56352
Begin MonoManager ReloadAssembly
Registering precompiled unity dll's ...
Register platform support module: C:/Program Files/Unity/Hub/Editor/2020.3.2f1/Editor/Data/PlaybackEngines/WindowsStandaloneSupport/UnityEditor.WindowsStandalone.Extensions.dll
Registered in 0.002863 seconds.
Native extension for WindowsStandalone target not found
Refreshing native plugins compatible for Editor in 35.71 ms, found 0 plugins.
Preloading 0 native plugins for Editor in 0.00 ms.
Invoked RoslynAnalysisRunner static constructor.
RoslynAnalysisRunner will not be running.
RoslynAnalysisRunner has terminated.
Mono: successfully reloaded assembly
- Completed reload, in  1.347 seconds
Platform modules already initialized, skipping
Registering precompiled user dll's ...
Registered in 0.000971 seconds.
Begin MonoManager ReloadAssembly
Native extension for WindowsStandalone target not found
Refreshing native plugins compatible for Editor in 0.32 ms, found 0 plugins.
Preloading 0 native plugins for Editor in 0.00 ms.
Invoked RoslynAnalysisRunner static constructor.
RoslynAnalysisRunner will not be running.
RoslynAnalysisRunner has terminated.
Mono: successfully reloaded assembly
- Completed reload, in  1.334 seconds
Platform modules already initialized, skipping
========================================================================
Worker process is ready to serve import requests
Launched and connected shader compiler UnityShaderCompiler.exe after 0.07 seconds
Refreshing native plugins compatible for Editor in 0.22 ms, found 0 plugins.
Preloading 0 native plugins for Editor in 0.00 ms.
Unloading 1129 Unused Serialized files (Serialized files now loaded: 0)
System memory in use before: 70.5 MB.
System memory in use after: 70.6 MB.

Unloading 10 unused Assets to reduce memory usage. Loaded Objects now: 1596.
Total: 4.699000 ms (FindLiveObjects: 0.325100 ms CreateObjectMapping: 0.221200 ms MarkObjects: 4.050300 ms  DeleteObjects: 0.100300 ms)

========================================================================
Received Import Request.
  path: Assets/Scripts/ButtonSc.cs
  artifactKey: Guid(d6d697778339a724d8ca54ab8cc16738) Importer(815301076,1909f56bfc062723c751e8b465ee728b)
Start importing Assets/Scripts/ButtonSc.cs using Guid(d6d697778339a724d8ca54ab8cc16738) Importer(815301076,1909f56bfc062723c751e8b465ee728b)  -> (artifact id: 'c9fda5a522aad89764baeaf934f65de9') in 0.075670 seconds
  Import took 0.078748 seconds .

========================================================================
Received Import Request.
  Time since last request: 46.718550 seconds.
  path: Assets/Scripts/ButtonSc.cs
  artifactKey: Guid(d6d697778339a724d8ca54ab8cc16738) Importer(815301076,1909f56bfc062723c751e8b465ee728b)
Start importing Assets/Scripts/ButtonSc.cs using Guid(d6d697778339a724d8ca54ab8cc16738) Importer(815301076,1909f56bfc062723c751e8b465ee728b)  -> (artifact id: '254d7a5a36b6aa51185def585dc7f562') in 0.006260 seconds
  Import took 0.010368 seconds .

========================================================================
Received Import Request.
  Time since last request: 0.186321 seconds.
  path: Assets/Scripts/ButtonSc.cs
  artifactKey: Guid(d6d697778339a724d8ca54ab8cc16738) Importer(815301076,1909f56bfc062723c751e8b465ee728b)
Start importing Assets/Scripts/ButtonSc.cs using Guid(d6d697778339a724d8ca54ab8cc16738) Importer(815301076,1909f56bfc062723c751e8b465ee728b)  -> (artifact id: '254d7a5a36b6aa51185def585dc7f562') in 0.004340 seconds
  Import took 0.008888 seconds .

========================================================================
Received Prepare
Registering precompiled user dll's ...
Registered in 0.000775 seconds.
Begin MonoManager ReloadAssembly
Native extension for WindowsStandalone target not found
Refreshing native plugins compatible for Editor in 0.21 ms, found 0 plugins.
Preloading 0 native plugins for Editor in 0.00 ms.
Invoked RoslynAnalysisRunner static constructor.
RoslynAnalysisRunner will not be running.
RoslynAnalysisRunner has terminated.
Mono: successfully reloaded assembly
- Completed reload, in  1.088 seconds
Platform modules already initialized, skipping
Refreshing native plugins compatible for Editor in 0.27 ms, found 0 plugins.
Preloading 0 native plugins for Editor in 0.00 ms.
Unloading 1124 Unused Serialized files (Serialized files now loaded: 0)
System memory in use before: 70.5 MB.
System memory in use after: 70.5 MB.

Unloading 5 unused Assets to reduce memory usage. Loaded Objects now: 1599.
Total: 2.083600 ms (FindLiveObjects: 0.160300 ms CreateObjectMapping: 0.057100 ms MarkObjects: 1.798500 ms  DeleteObjects: 0.066500 ms)

========================================================================
Received Import Request.
  Time since last request: 234.481080 seconds.
  path: Assets/Scripts/CameraFollow.cs
  artifactKey: Guid(34ed436e1761fc64c983b0a08f8f63d0) Importer(815301076,1909f56bfc062723c751e8b465ee728b)
Start importing Assets/Scripts/CameraFollow.cs using Guid(34ed436e1761fc64c983b0a08f8f63d0) Importer(815301076,1909f56bfc062723c751e8b465ee728b)  -> (artifact id: '732cf48516f4294a185ebd855ea5488e') in 0.017735 seconds
  Import took 0.024045 seconds .

========================================================================
Received Import Request.
  Time since last request: 0.001326 seconds.
  path: Assets/Scripts/CameraFollow.cs
  artifactKey: Guid(34ed436e1761fc64c983b0a08f8f63d0) Importer(815301076,1909f56bfc062723c751e8b465ee728b)
Start importing Assets/Scripts/CameraFollow.cs using Guid(34ed436e1761fc64c983b0a08f8f63d0) Importer(815301076,1909f56bfc062723c751e8b465ee728b)  -> (artifact id: '732cf48516f4294a185ebd855ea5488e') in 0.003830 seconds
  Import took 0.007840 seconds .

========================================================================
Received Prepare
Registering precompiled user dll's ...
Registered in 0.000966 seconds.
Begin MonoManager ReloadAssembly
Native extension for WindowsStandalone target not found
Refreshing native plugins compatible for Editor in 0.22 ms, found 0 plugins.
Preloading 0 native plugins for Editor in 0.00 ms.
Invoked RoslynAnalysisRunner static constructor.
RoslynAnalysisRunner will not be running.
RoslynAnalysisRunner has terminated.
Mono: successfully reloaded assembly
- Completed reload, in  0.996 seconds
Platform modules already initialized, skipping
Refreshing native plugins compatible for Editor in 0.21 ms, found 0 plugins.
Preloading 0 native plugins for Editor in 0.00 ms.
Unloading 1124 Unused Serialized files (Serialized files now loaded: 0)
System memory in use before: 70.5 MB.
System memory in use after: 70.6 MB.

Unloading 5 unused Assets to reduce memory usage. Loaded Objects now: 1602.
Total: 2.917400 ms (FindLiveObjects: 0.273200 ms CreateObjectMapping: 0.062800 ms MarkObjects: 2.476400 ms  DeleteObjects: 0.102500 ms)

========================================================================
Received Import Request.
  Time since last request: 34.122122 seconds.
  path: Assets/Scripts/CameraFollow.cs
  artifactKey: Guid(34ed436e1761fc64c983b0a08f8f63d0) Importer(815301076,1909f56bfc062723c751e8b465ee728b)
Start importing Assets/Scripts/CameraFollow.cs using Guid(34ed436e1761fc64c983b0a08f8f63d0) Importer(815301076,1909f56bfc062723c751e8b465ee728b)  -> (artifact id: 'b0a61095ad73dd57adac23aaf000e7c5') in 0.004168 seconds
  Import took 0.006543 seconds .

========================================================================
Received Prepare
Registering precompiled user dll's ...
Registered in 0.001029 seconds.
Begin MonoManager ReloadAssembly
Native extension for WindowsStandalone target not found
Refreshing native plugins compatible for Editor in 0.24 ms, found 0 plugins.
Preloading 0 native plugins for Editor in 0.00 ms.
Invoked RoslynAnalysisRunner static constructor.
RoslynAnalysisRunner will not be running.
RoslynAnalysisRunner has terminated.
Mono: successfully reloaded assembly
- Completed reload, in  0.925 seconds
Platform modules already initialized, skipping
Refreshing native plugins compatible for Editor in 0.21 ms, found 0 plugins.
Preloading 0 native plugins for Editor in 0.00 ms.
Unloading 1124 Unused Serialized files (Serialized files now loaded: 0)
System memory in use before: 70.5 MB.
System memory in use after: 70.6 MB.

Unloading 5 unused Assets to reduce memory usage. Loaded Objects now: 1605.
Total: 1.854200 ms (FindLiveObjects: 0.134400 ms CreateObjectMapping: 0.038200 ms MarkObjects: 1.565900 ms  DeleteObjects: 0.114300 ms)

========================================================================
Received Import Request.
  Time since last request: 155.202952 seconds.
  path: Assets/Scripts/KnifeMov.cs
  artifactKey: Guid(25f04a82877f70b40a01b2d29c3f527c) Importer(815301076,1909f56bfc062723c751e8b465ee728b)
Start importing Assets/Scripts/KnifeMov.cs using Guid(25f04a82877f70b40a01b2d29c3f527c) Importer(815301076,1909f56bfc062723c751e8b465ee728b)  -> (artifact id: 'c4e1087300f0c60cfd1aa75870e46639') in 0.107848 seconds
  Import took 0.110504 seconds .

========================================================================
Received Prepare
Registering precompiled user dll's ...
Registered in 0.000889 seconds.
Begin MonoManager ReloadAssembly
Native extension for WindowsStandalone target not found
Refreshing native plugins compatible for Editor in 0.35 ms, found 0 plugins.
Preloading 0 native plugins for Editor in 0.00 ms.
Invoked RoslynAnalysisRunner static constructor.
RoslynAnalysisRunner will not be running.
RoslynAnalysisRunner has terminated.
Mono: successfully reloaded assembly
- Completed reload, in  1.341 seconds
Platform modules already initialized, skipping
Refreshing native plugins compatible for Editor in 0.39 ms, found 0 plugins.
Preloading 0 native plugins for Editor in 0.00 ms.
Unloading 1124 Unused Serialized files (Serialized files now loaded: 0)
System memory in use before: 70.5 MB.
System memory in use after: 70.6 MB.

Unloading 5 unused Assets to reduce memory usage. Loaded Objects now: 1608.
Total: 2.063700 ms (FindLiveObjects: 0.245200 ms CreateObjectMapping: 0.054300 ms MarkObjects: 1.690900 ms  DeleteObjects: 0.071700 ms)

========================================================================
Received Import Request.
  Time since last request: 33.909736 seconds.
  path: Assets/Scripts/KnifeMov.cs
  artifactKey: Guid(25f04a82877f70b40a01b2d29c3f527c) Importer(815301076,1909f56bfc062723c751e8b465ee728b)
Start importing Assets/Scripts/KnifeMov.cs using Guid(25f04a82877f70b40a01b2d29c3f527c) Importer(815301076,1909f56bfc062723c751e8b465ee728b)  -> (artifact id: '02f1b5843403c53cefd51e7e37f262ba') in 0.006722 seconds
  Import took 0.012512 seconds .

========================================================================
Received Import Request.
  Time since last request: 2.654090 seconds.
  path: Assets/Scripts/KnifeMov.cs
  artifactKey: Guid(25f04a82877f70b40a01b2d29c3f527c) Importer(815301076,1909f56bfc062723c751e8b465ee728b)
Start importing Assets/Scripts/KnifeMov.cs using Guid(25f04a82877f70b40a01b2d29c3f527c) Importer(815301076,1909f56bfc062723c751e8b465ee728b)  -> (artifact id: '02f1b5843403c53cefd51e7e37f262ba') in 0.002703 seconds
  Import took 0.005218 seconds .

========================================================================
Received Prepare
Registering precompiled user dll's ...
Registered in 0.001490 seconds.
Begin MonoManager ReloadAssembly
Native extension for WindowsStandalone target not found
Refreshing native plugins compatible for Editor in 0.29 ms, found 0 plugins.
Preloading 0 native plugins for Editor in 0.00 ms.
Invoked RoslynAnalysisRunner static constructor.
RoslynAnalysisRunner will not be running.
RoslynAnalysisRunner has terminated.
Mono: successfully reloaded assembly
- Completed reload, in  1.845 seconds
Platform modules already initialized, skipping
Refreshing native plugins compatible for Editor in 0.51 ms, found 0 plugins.
Preloading 0 native plugins for Editor in 0.00 ms.
Unloading 1124 Unused Serialized files (Serialized files now loaded: 0)
System memory in use before: 70.5 MB.
System memory in use after: 70.6 MB.

Unloading 5 unused Assets to reduce memory usage. Loaded Objects now: 1611.
Total: 5.003800 ms (FindLiveObjects: 0.213700 ms CreateObjectMapping: 0.117000 ms MarkObjects: 4.591400 ms  DeleteObjects: 0.079300 ms)

========================================================================
Received Prepare
Registering precompiled user dll's ...
Registered in 0.000887 seconds.
Begin MonoManager ReloadAssembly
Native extension for WindowsStandalone target not found
Refreshing native plugins compatible for Editor in 0.30 ms, found 0 plugins.
Preloading 0 native plugins for Editor in 0.00 ms.
Invoked RoslynAnalysisRunner static constructor.
RoslynAnalysisRunner will not be running.
RoslynAnalysisRunner has terminated.
Mono: successfully reloaded assembly
- Completed reload, in  1.094 seconds
Platform modules already initialized, skipping
Refreshing native plugins compatible for Editor in 0.21 ms, found 0 plugins.
Preloading 0 native plugins for Editor in 0.00 ms.
Unloading 1124 Unused Serialized files (Serialized files now loaded: 0)
System memory in use before: 70.5 MB.
System memory in use after: 70.6 MB.

Unloading 5 unused Assets to reduce memory usage. Loaded Objects now: 1614.
Total: 2.461300 ms (FindLiveObjects: 0.218500 ms CreateObjectMapping: 0.064600 ms MarkObjects: 2.065400 ms  DeleteObjects: 0.108400 ms)

